app/build/intermediates/manifest_merge_blame_file/debug/manifest-merger-blame-debug-report.txt
1<?xml version="1.0" encoding="utf-8"?>
2<manifest xmlns:android="http://schemas.android.com/apk/res/android"
3    package="info.androidhive.loginandregistration"
4    android:versionCode="1"
5    android:versionName="1.0" >
6
7    <uses-sdk
7-->src\main\AndroidManifest.xml:68:5-47
8        android:minSdkVersion="15"
8-->src\main\AndroidManifest.xml:68:5-47
9        android:targetSdkVersion="26" />
9-->src\main\AndroidManifest.xml:68:15-44
10
11    <uses-permission android:name="android.permission.ACCESS_COARSE_LOCATION" />
11-->src\main\AndroidManifest.xml:6:5-80
11-->src\main\AndroidManifest.xml:6:22-78
12    <uses-permission android:name="android.permission.INTERNET" />
12-->src\main\AndroidManifest.xml:7:5-66
12-->src\main\AndroidManifest.xml:7:22-64
13    <uses-permission android:name="android.permission.ACCESS_FINE_LOCATION_LOCATION" />
13-->src\main\AndroidManifest.xml:8:5-87
13-->src\main\AndroidManifest.xml:8:22-85
14    <uses-permission android:name="android.permission.ACCESS_NETWORK_STATE" />
14-->src\main\AndroidManifest.xml:9:5-78
14-->src\main\AndroidManifest.xml:9:22-76
15    <!--
16         The ACCESS_COARSE/FINE_LOCATION permissions are not required to use
17         Google Maps Android API v2, but you must specify either coarse or fine
18         location permissions for the 'MyLocation' functionality.
19    -->
20    <uses-permission android:name="android.permission.INTERNET" />
20-->src\main\AndroidManifest.xml:7:5-66
20-->src\main\AndroidManifest.xml:7:22-64
21    <uses-permission android:name="android.permission.ACCESS_FINE_LOCATION" />
21-->src\main\AndroidManifest.xml:66:5-79
21-->src\main\AndroidManifest.xml:66:22-76
22
23    <uses-feature
23-->[com.google.android.gms:play-services-maps:16.1.0] AndroidManifest.xml:26:5-28:35
24        android:glEsVersion="0x00020000"
24-->[com.google.android.gms:play-services-maps:16.1.0] AndroidManifest.xml:27:9-41
25        android:required="true" />
25-->[com.google.android.gms:play-services-maps:16.1.0] AndroidManifest.xml:28:9-32
26
27    <application
27-->src\main\AndroidManifest.xml:13:5-59:19
28        android:name="info.androidhive.loginandregistration.app.AppController"
28-->src\main\AndroidManifest.xml:14:9-42
29        android:allowBackup="true"
29-->src\main\AndroidManifest.xml:15:9-35
30        android:debuggable="true"
31        android:icon="@drawable/ic_launcher"
31-->src\main\AndroidManifest.xml:16:9-45
32        android:label="@string/app_name" >
32-->src\main\AndroidManifest.xml:17:9-41
33
34        <!--
35             The API key for Google Maps-based APIs is defined as a string resource.
36             (See the file "res/values/google_maps_api.xml").
37             Note that the API key is linked to the encryption key used to sign the APK.
38             You need a different API key for each encryption key, including the release key that is used to
39             sign the APK for publishing.
40             You can define the keys for the debug and release targets in src/debug/ and src/release/.
41        -->
42        <activity
42-->src\main\AndroidManifest.xml:27:9-29:68
43            android:name="info.androidhive.loginandregistration.activity.MapsActivity"
43-->src\main\AndroidManifest.xml:28:13-50
44            android:label="@string/title_activity_maps" />
44-->src\main\AndroidManifest.xml:29:13-56
45        <activity
45-->src\main\AndroidManifest.xml:31:9-41:20
46            android:name="info.androidhive.loginandregistration.activity.LoginActivity"
46-->src\main\AndroidManifest.xml:32:13-51
47            android:label="@string/app_name"
47-->src\main\AndroidManifest.xml:33:13-45
48            android:launchMode="singleTop"
48-->src\main\AndroidManifest.xml:34:13-43
49            android:windowSoftInputMode="adjustPan" >
49-->src\main\AndroidManifest.xml:35:13-52
50            <intent-filter>
50-->src\main\AndroidManifest.xml:36:13-40:29
51                <action android:name="android.intent.action.MAIN" />
51-->src\main\AndroidManifest.xml:37:17-69
51-->src\main\AndroidManifest.xml:37:25-66
52
53                <category android:name="android.intent.category.LAUNCHER" />
53-->src\main\AndroidManifest.xml:39:17-77
53-->src\main\AndroidManifest.xml:39:27-74
54            </intent-filter>
55        </activity>
56        <activity
56-->src\main\AndroidManifest.xml:43:9-47:55
57            android:name="info.androidhive.loginandregistration.activity.RegisterActivity"
57-->src\main\AndroidManifest.xml:44:13-54
58            android:label="@string/app_name"
58-->src\main\AndroidManifest.xml:45:13-45
59            android:launchMode="singleTop"
59-->src\main\AndroidManifest.xml:46:13-43
60            android:windowSoftInputMode="adjustPan" />
60-->src\main\AndroidManifest.xml:47:13-52
61        <activity
61-->src\main\AndroidManifest.xml:49:9-52:46
62            android:name="info.androidhive.loginandregistration.activity.MainActivity"
62-->src\main\AndroidManifest.xml:50:13-50
63            android:label="@string/app_name"
63-->src\main\AndroidManifest.xml:51:13-45
64            android:launchMode="singleTop" />
64-->src\main\AndroidManifest.xml:52:13-43
65
66        <meta-data
66-->src\main\AndroidManifest.xml:53:9-55:55
67            android:name="com.google.android.geo.API_KEY"
67-->src\main\AndroidManifest.xml:54:13-58
68            android:value="@string/google_maps_key" />
68-->src\main\AndroidManifest.xml:55:13-52
69
70        <uses-library
70-->src\main\AndroidManifest.xml:56:9-58:53
71            android:name="org.apache.http.legacy"
71-->src\main\AndroidManifest.xml:57:13-50
72            android:required="false" />
72-->src\main\AndroidManifest.xml:58:13-37
73
74        <meta-data
74-->[com.android.support:design:26.1.0] AndroidManifest.xml:26:9-28:38
75            android:name="android.support.VERSION"
75-->[com.android.support:design:26.1.0] AndroidManifest.xml:27:13-51
76            android:value="26.1.0" />
76-->[com.android.support:design:26.1.0] AndroidManifest.xml:28:13-35
77
78        <activity
78-->[com.google.android.gms:play-services-base:16.0.1] AndroidManifest.xml:23:9-26:75
79            android:name="com.google.android.gms.common.api.GoogleApiActivity"
79-->[com.google.android.gms:play-services-base:16.0.1] AndroidManifest.xml:24:13-79
80            android:exported="false"
80-->[com.google.android.gms:play-services-base:16.0.1] AndroidManifest.xml:25:13-37
81            android:theme="@android:style/Theme.Translucent.NoTitleBar" />
81-->[com.google.android.gms:play-services-base:16.0.1] AndroidManifest.xml:26:13-72
82
83        <meta-data
83-->[com.google.android.gms:play-services-basement:16.0.1] AndroidManifest.xml:23:9-25:69
84            android:name="com.google.android.gms.version"
84-->[com.google.android.gms:play-services-basement:16.0.1] AndroidManifest.xml:24:13-58
85            android:value="@integer/google_play_services_version" />
85-->[com.google.android.gms:play-services-basement:16.0.1] AndroidManifest.xml:25:13-66
86        <meta-data
86-->[android.arch.lifecycle:runtime:1.0.0] AndroidManifest.xml:25:9-27:47
87            android:name="android.arch.lifecycle.VERSION"
87-->[android.arch.lifecycle:runtime:1.0.0] AndroidManifest.xml:26:13-58
88            android:value="27.0.0-SNAPSHOT" />
88-->[android.arch.lifecycle:runtime:1.0.0] AndroidManifest.xml:27:13-44
89    </application>
90
91</manifest>